<?xml version="1.0" encoding="UTF-8"?>
<!-- Generated by org.testng.reporters.JUnitXMLReporter -->
<testsuite hostname="AlamiFamily" ignored="12" name="Default test" tests="1" failures="0" timestamp="04 Sep 2020 14:41:21 GMT" time="6.089" errors="0">
  <testcase name="postmethodjson" time="6.022" classname="apitest.test"/>
  <testcase name="verifyEmailUID" time="0.0" classname="apitest.test">
    <ignored/>
  </testcase> <!-- verifyEmailUID -->
  <testcase name="postputwithpojo" time="0.0" classname="apitest.test">
    <ignored/>
  </testcase> <!-- postputwithpojo -->
  <testcase name="verifyEmailUID2" time="0.0" classname="apitest.test">
    <ignored/>
  </testcase> <!-- verifyEmailUID2 -->
  <testcase name="auth" time="0.0" classname="apitest.test">
    <ignored/>
  </testcase> <!-- auth -->
  <testcase name="verifyEmailUIDheaders" time="0.0" classname="apitest.test">
    <ignored/>
  </testcase> <!-- verifyEmailUIDheaders -->
  <testcase name="putmethodjson" time="0.0" classname="apitest.test">
    <ignored/>
  </testcase> <!-- putmethodjson -->
  <testcase name="postMethodValidationDataFile" time="0.0" classname="apitest.test">
    <ignored/>
  </testcase> <!-- postMethodValidationDataFile -->
  <testcase name="verifyStatusCodeDelete" time="0.0" classname="apitest.test">
    <ignored/>
  </testcase> <!-- verifyStatusCodeDelete -->
  <testcase name="putmethodpojo" time="0.0" classname="apitest.test">
    <ignored/>
  </testcase> <!-- putmethodpojo -->
  <testcase name="verifyStatusCodeGET" time="0.0" classname="apitest.test">
    <ignored/>
  </testcase> <!-- verifyStatusCodeGET -->
  <testcase name="postmethodwithpojoclass" time="0.0" classname="apitest.test">
    <ignored/>
  </testcase> <!-- postmethodwithpojoclass -->
  <testcase name="verifyGetUserStatusCode" time="0.0" classname="apitest.test">
    <ignored/>
  </testcase> <!-- verifyGetUserStatusCode -->
</testsuite> <!-- Default test -->
