<?xml version="1.0" encoding="UTF-8"?>
<!-- Generated by org.testng.reporters.JUnitXMLReporter -->
<testsuite hostname="GS-5241" ignored="11" name="Default test" tests="1" failures="0" timestamp="19 Aug 2020 13:21:47 GMT" time="2.982" errors="0">
  <testcase name="verifyGetUserStatusCode" time="2.96" classname="apitest.test"/>
  <testcase name="verifyEmailUID" time="0.0" classname="apitest.test">
    <ignored/>
  </testcase> <!-- verifyEmailUID -->
  <testcase name="verifyEmailUID2" time="0.0" classname="apitest.test">
    <ignored/>
  </testcase> <!-- verifyEmailUID2 -->
  <testcase name="postputwithpojo" time="0.0" classname="apitest.test">
    <ignored/>
  </testcase> <!-- postputwithpojo -->
  <testcase name="verifyEmailUIDheaders" time="0.0" classname="apitest.test">
    <ignored/>
  </testcase> <!-- verifyEmailUIDheaders -->
  <testcase name="postmethodjson" time="0.0" classname="apitest.test">
    <ignored/>
  </testcase> <!-- postmethodjson -->
  <testcase name="postMethodValidationDataFile" time="0.0" classname="apitest.test">
    <ignored/>
  </testcase> <!-- postMethodValidationDataFile -->
  <testcase name="putmethodjson" time="0.0" classname="apitest.test">
    <ignored/>
  </testcase> <!-- putmethodjson -->
  <testcase name="verifyStatusCodeDelete" time="0.0" classname="apitest.test">
    <ignored/>
  </testcase> <!-- verifyStatusCodeDelete -->
  <testcase name="verifyStatusCodeGET" time="0.0" classname="apitest.test">
    <ignored/>
  </testcase> <!-- verifyStatusCodeGET -->
  <testcase name="putmethodpojo" time="0.0" classname="apitest.test">
    <ignored/>
  </testcase> <!-- putmethodpojo -->
  <testcase name="postmethodwithpojoclass" time="0.0" classname="apitest.test">
    <ignored/>
  </testcase> <!-- postmethodwithpojoclass -->
</testsuite> <!-- Default test -->
